<?xml version="1.0" encoding="UTF-8"?>
<!-- Generated by org.testng.reporters.JUnitReportReporter -->
<testsuite hostname="DESKTOP-MH4UTOO" failures="0" tests="5" name="com.ProjectConcept1.GroupClass" time="0.169" errors="0" timestamp="2023-05-30T17:41:18 IST" skipped="0">
  <testcase classname="com.ProjectConcept1.GroupClass" name="search" time="0.006"/>
  <system-out/>
  <testcase classname="com.ProjectConcept1.GroupClass" name="payment" time="0.023"/>
  <system-out/>
  <testcase classname="com.ProjectConcept1.GroupClass" name="login" time="0.009"/>
  <system-out/>
  <testcase classname="com.ProjectConcept1.GroupClass" name="select" time="0.072"/>
  <system-out/>
  <testcase classname="com.ProjectConcept1.GroupClass" name="addToCard" time="0.059"/>
  <system-out/>
</testsuite> <!-- com.ProjectConcept1.GroupClass -->
