<?xml version="1.0" encoding="UTF-8"?>
<!-- Generated by org.testng.reporters.JUnitReportReporter -->
<testsuite hostname="DESKTOP-MH4UTOO" failures="0" tests="5" name="com.ProjectConcept1.PriorityClass$RunnerClassMaven" time="0.103" errors="0" timestamp="2023-05-30T17:18:20 IST" skipped="0">
  <testcase classname="com.ProjectConcept1.PriorityClass$RunnerClassMaven" name="login" time="0.041"/>
  <system-out/>
  <testcase classname="com.ProjectConcept1.PriorityClass$RunnerClassMaven" name="search" time="0.017"/>
  <system-out/>
  <testcase classname="com.ProjectConcept1.PriorityClass$RunnerClassMaven" name="select" time="0.020"/>
  <system-out/>
  <testcase classname="com.ProjectConcept1.PriorityClass$RunnerClassMaven" name="addToCard" time="0.014"/>
  <system-out/>
  <testcase classname="com.ProjectConcept1.PriorityClass$RunnerClassMaven" name="payment" time="0.011"/>
  <system-out/>
</testsuite> <!-- com.ProjectConcept1.PriorityClass$RunnerClassMaven -->
