<?xml version="1.0" encoding="UTF-8"?>
<!-- Generated by org.testng.reporters.JUnitReportReporter -->
<testsuite hostname="DESKTOP-MH4UTOO" failures="0" tests="5" name="com.ProjectConcept1.RunnerClassMaven" time="0.112" errors="0" timestamp="2023-05-30T14:21:04 IST" skipped="0">
  <testcase classname="com.ProjectConcept1.RunnerClassMaven" name="payment" time="0.014"/>
  <system-out/>
  <testcase classname="com.ProjectConcept1.RunnerClassMaven" name="addToCard" time="0.020"/>
  <system-out/>
  <testcase classname="com.ProjectConcept1.RunnerClassMaven" name="login" time="0.007"/>
  <system-out/>
  <testcase classname="com.ProjectConcept1.RunnerClassMaven" name="select" time="0.059"/>
  <system-out/>
  <testcase classname="com.ProjectConcept1.RunnerClassMaven" name="search" time="0.012"/>
  <system-out/>
</testsuite> <!-- com.ProjectConcept1.RunnerClassMaven -->
