<?xml version="1.0" encoding="UTF-8"?>
<!-- Generated by org.testng.reporters.JUnitReportReporter -->
<testsuite hostname="DESKTOP-MH4UTOO" failures="0" tests="3" name="com.ProjectConcept1.IgnoreClass" time="0.083" errors="0" timestamp="2023-05-30T17:21:41 IST" skipped="0">
  <testcase classname="com.ProjectConcept1.IgnoreClass" name="search" time="0.028"/>
  <system-out/>
  <testcase classname="com.ProjectConcept1.IgnoreClass" name="select" time="0.044"/>
  <system-out/>
  <testcase classname="com.ProjectConcept1.IgnoreClass" name="addToCard" time="0.011"/>
  <system-out/>
</testsuite> <!-- com.ProjectConcept1.IgnoreClass -->
