<?xml version="1.0" encoding="UTF-8"?>
<!-- Generated by org.testng.reporters.JUnitReportReporter -->
<testsuite hostname="DESKTOP-MH4UTOO" failures="0" tests="9" name="com.ProjectConcept1.InnvocationClass" time="0.158" errors="0" timestamp="2023-05-30T17:44:02 IST" skipped="0">
  <testcase classname="com.ProjectConcept1.InnvocationClass" name="select" time="0.006"/>
  <system-out/>
  <testcase classname="com.ProjectConcept1.InnvocationClass" name="login" time="0.016"/>
  <system-out/>
  <testcase classname="com.ProjectConcept1.InnvocationClass" name="payment" time="0.006"/>
  <system-out/>
  <testcase classname="com.ProjectConcept1.InnvocationClass" name="login" time="0.023"/>
  <system-out/>
  <testcase classname="com.ProjectConcept1.InnvocationClass" name="login" time="0.006"/>
  <system-out/>
  <testcase classname="com.ProjectConcept1.InnvocationClass" name="login" time="0.009"/>
  <system-out/>
  <testcase classname="com.ProjectConcept1.InnvocationClass" name="login" time="0.008"/>
  <system-out/>
  <testcase classname="com.ProjectConcept1.InnvocationClass" name="search" time="0.026"/>
  <system-out/>
  <testcase classname="com.ProjectConcept1.InnvocationClass" name="addToCard" time="0.058"/>
  <system-out/>
</testsuite> <!-- com.ProjectConcept1.InnvocationClass -->
