<?xml version="1.0" encoding="UTF-8"?>
<!-- Generated by org.testng.reporters.JUnitReportReporter -->
<testsuite hostname="DESKTOP-MH4UTOO" failures="0" tests="1" name="com.OrangeRunner.Runner_OrangeClass" time="10.085" errors="0" timestamp="2023-06-30T14:25:21 IST" skipped="0">
  <testcase classname="com.OrangeRunner.Runner_OrangeClass" name="loginFb" time="10.085"/>
  <system-out/>
</testsuite> <!-- com.OrangeRunner.Runner_OrangeClass -->
