<?xml version="1.0" encoding="UTF-8"?>
<!-- Generated by org.testng.reporters.JUnitReportReporter -->
<testsuite hostname="DESKTOP-MH4UTOO" failures="0" tests="2" name="com.OrangeRunner.googleRunner" time="55.189" errors="0" timestamp="2023-07-01T10:32:37 IST" skipped="0">
  <testcase classname="com.OrangeRunner.googleRunner" name="elementPass" time="36.241"/>
  <system-out/>
  <testcase classname="com.OrangeRunner.googleRunner" name="passTheElement" time="18.948"/>
  <system-out/>
</testsuite> <!-- com.OrangeRunner.googleRunner -->
