<?xml version="1.0" encoding="UTF-8"?>
<!-- Generated by org.testng.reporters.JUnitReportReporter -->
<testsuite hostname="DESKTOP-MH4UTOO" failures="0" tests="4" name="com.OrangeRunner.OrangeRunner" time="64.346" errors="0" timestamp="2023-07-03T22:37:11 IST" skipped="0">
  <testcase classname="com.OrangeRunner.OrangeRunner" name="launchBrowser" time="14.860"/>
  <system-out/>
  <testcase classname="com.OrangeRunner.OrangeRunner" name="loginOrange" time="5.441"/>
  <system-out/>
  <testcase classname="com.OrangeRunner.OrangeRunner" name="addEmpDetail" time="12.473"/>
  <system-out/>
  <testcase classname="com.OrangeRunner.OrangeRunner" name="searchEmp" time="31.572"/>
  <system-out/>
</testsuite> <!-- com.OrangeRunner.OrangeRunner -->
